-------------------------------------------------------------------------------
Test set: com.msg.runners.FailedTestRunner
-------------------------------------------------------------------------------
Tests run: 1, Failures: 1, Errors: 0, Skipped: 0, Time elapsed: 58.166 s <<< FAILURE! - in com.msg.runners.FailedTestRunner
Verify the total price of the items in the shopping cart(Shopping cart price verification)  Time elapsed: 58.143 s  <<< FAILURE!
java.lang.AssertionError: expected:<11992> but was:<11996>

